
###################################################################
# Cosmological and foregrounds parameters used for the simulation
###################################################################

simulation:
  cosmo. parameters:
    cosmomc_theta : 0.0104085
    logA          : 3.044
    ombh2         : 0.02237
    omch2         : 0.1200
    ns            : 0.9649
    Alens         : 1.
    tau           : &tau 0.0544
  fg_parameters:
    a_tSZ  : 3.30
    a_kSZ  : 1.60
    a_p    : 6.90
    beta_p : 2.08
    a_c    : 4.90
    beta_c : 2.20
    n_CIBC : &n_CIBC 1.20
    a_s    : 3.10
    T_d    : &T_d 9.60

##############################
# Experimental configuration
##############################

data:
  experiments:
    - LAT
  freq_LAT:
    - 93  # GHz
    - 145 # GHz
    - 225 # GHz
  data_folder:  /sps/planck/Temp/garrido.d/development/toy_likelihood/software/like_products
  select: tt-te-ee
  # Bbl range
  lmax: 6002


##############################
# Foregrounds model
##############################

foregrounds:
  normalisation:
    nu_0: 150.0
    ell_0: 3000
    T_CMB: 2.725
  components:
    tt:
      - kSZ
      - cibp
      - radio
      - tSZ
      - cibc
    te: []
    ee: []

##############################
# Cobaya setup
##############################

cobaya:
  debug: False
  force: True

  params:
    # Sampled
    cosmomc_theta:
      prior:
        min: 0.0103
        max: 0.0105
      latex: \theta_\mathrm{MC}
    logA:
      prior:
        min: 3.0
        max: 3.1
      drop: True
      latex: \log(10^{10} A_\mathrm{s})
    As:
      value: "lambda logA: 1e-10*np.exp(logA)"
      latex: A_\mathrm{s}
    ns:
      prior:
        min: 0.9
        max: 1.1
      latex: n_\mathrm{s}
    ombh2:
      prior:
        min: 0.017
        max: 0.027
      latex: \Omega_\mathrm{b}h^2
    omch2:
      prior:
        min: 0.09
        max: 0.15
      latex: \Omega_\mathrm{c}h^2
    Alens:
      prior:
        min: 0.5
        max: 1.5
      latex: A_\mathrm{L}
    tau:
      prior:
        dist: norm
        loc: *tau
        scale: 0.0073
      proposal: 0.0073
      latex: \tau_\mathrm{reio}
    # Derived
    H0:
      latex: H_0
    # Foregrounds
    a_tSZ:
      prior:
        min: 3.0
        max: 3.6
      latex: a_\mathrm{tSZ}
    a_kSZ:
      prior:
        min: 1.0
        max: 2.2
      latex: a_\mathrm{kSZ}
    a_p:
      prior:
        min: 6.2
        max: 7.6
      latex: a_p
    beta_p:
      prior:
        min: 1.8
        max: 2.2
      latex: \beta_p
    a_c:
      prior:
        min: 4.4
        max: 5.4
      latex: a_c
    beta_c:
      prior:
        min: 2.0
        max: 2.4
      latex: \beta_c
    n_CIBC:
      value: *n_CIBC
      latex: n_\mathrm{CIBC}
    a_s:
      prior:
        min: 2.8
        max: 3.4
      latex: a_s
    T_d:
      value: *T_d
      latex: T_d
  theory:
    camb:
      stop_at_error: False
Sampling over ['cosmomc_theta', 'logA', 'ns', 'ombh2', 'omch2', 'Alens', 'a_tSZ', 'a_kSZ', 'a_p', 'beta_p', 'a_c', 'beta_c', 'a_s'] parameters
[model] *WARNING* Ignored blocks/options: ['force']
[prior] *WARNING* No sampled parameters requested! This will fail for non-mock samplers.
[camb] Importing *global* CAMB.
[model] *WARNING* Ignored blocks/options: ['force']
[prior] *WARNING* No sampled parameters requested! This will fail for non-mock samplers.
[camb] Importing *global* CAMB.
[model] *WARNING* Ignored blocks/options: ['force']
[prior] *WARNING* No sampled parameters requested! This will fail for non-mock samplers.
[camb] Importing *global* CAMB.
[model] *WARNING* Ignored blocks/options: ['force']
[prior] *WARNING* No sampled parameters requested! This will fail for non-mock samplers.
[camb] Importing *global* CAMB.
[model] *WARNING* Ignored blocks/options: ['force']
[prior] *WARNING* No sampled parameters requested! This will fail for non-mock samplers.
[camb] Importing *global* CAMB.
[model] *WARNING* Ignored blocks/options: ['force']
[prior] *WARNING* No sampled parameters requested! This will fail for non-mock samplers.
[camb] Importing *global* CAMB.
[model] *WARNING* Ignored blocks/options: ['force']
[prior] *WARNING* No sampled parameters requested! This will fail for non-mock samplers.
[camb] Importing *global* CAMB.
[model] *WARNING* Ignored blocks/options: ['force']
[prior] *WARNING* No sampled parameters requested! This will fail for non-mock samplers.
[camb] Importing *global* CAMB.
[model] *WARNING* Ignored blocks/options: ['force']
[prior] *WARNING* No sampled parameters requested! This will fail for non-mock samplers.
[camb] Importing *global* CAMB.
[model] *WARNING* Ignored blocks/options: ['force']
[prior] *WARNING* No sampled parameters requested! This will fail for non-mock samplers.
[camb] Importing *global* CAMB.
[model] *WARNING* Ignored blocks/options: ['force']
[prior] *WARNING* No sampled parameters requested! This will fail for non-mock samplers.
[camb] Importing *global* CAMB.
[model] *WARNING* Ignored blocks/options: ['force']
[prior] *WARNING* No sampled parameters requested! This will fail for non-mock samplers.
[camb] Importing *global* CAMB.
param: cosmomc_theta , sigma: 1.4486067298939807e-06 , Fisher S/N 7185.17992855229
param: logA , sigma: 0.003631757844263824 , Fisher S/N 838.1616094828136
param: ns , sigma: 0.0032727947427694543 , Fisher S/N 294.8244774994649
param: ombh2 , sigma: 6.536688178916661e-05 , Fisher S/N 342.22222917335836
param: omch2 , sigma: 0.0011424386111289005 , Fisher S/N 105.03846668962109
param: Alens , sigma: 0.022185741116586995 , Fisher S/N 45.07399571395692
param: a_tSZ , sigma: 0.04586333099658702 , Fisher S/N 71.95290722005285
param: a_kSZ , sigma: 0.1019703381708928 , Fisher S/N 15.690837440575603
param: a_p , sigma: 0.07612743222472804 , Fisher S/N 90.63749818371929
param: beta_p , sigma: 0.01409954127749587 , Fisher S/N 147.52252992229373
param: a_c , sigma: 0.12237772921661372 , Fisher S/N 40.039965044021976
param: beta_c , sigma: 0.03130983948299776 , Fisher S/N 70.26545125517715
param: a_s , sigma: 0.011254308131208781 , Fisher S/N 275.4500733282341
[output] Output to be read-from/written-into folder '/sps/planck/Temp/garrido.d/development/toy_likelihood/output/mcmc_pslike_tt-te-ee_sim_2_1', with prefix 'mcmc'
[chi2] Initialised external likelihood.
[camb] Importing *global* CAMB.
[likelihood] The theory code will compute the following products, requested by the likelihoods: ['H0', 'Cl']
[mcmc] Covariance matrix not present. We will start learning the covariance of the proposal earlier: R-1 = 30 (was 2).
[mcmc] Initial point:
[prior] Reference values or pdf's for some parameters were not provided. Sampling from the prior instead for those parameters.
[mcmc] 
 weight  minuslogpost  cosmomc_theta      logA        ns     ombh2    omch2    Alens       tau     a_tSZ    a_kSZ  \
    1.0  22887.682956       0.010382  3.021713  1.092871  0.025123  0.13805  0.63192  0.053819  3.179356  1.24285   

      a_p    beta_p       a_c    beta_c       a_s            As         H0  minuslogprior  minuslogprior__0  \
 6.781586  2.164897  4.762539  2.068986  3.008426  2.052643e-09  63.054372      -26.18101         -26.18101   

         chi2    chi2__chi2  
 45827.727932  45827.727932  
[mcmc] Sampling! (NB: nothing will be printed until 280 burn-in samples have been obtained)
[mcmc] Finished burn-in phase: discarded 280 accepted steps.
[mcmc] Checkpoint: 560 samples accepted.
[mcmc] Ready to check convergence and learn a new proposal covmat
[mcmc] Convergence of means: R-1 = 14.297359 after 560 accepted steps
[mcmc] Updated covariance matrix of proposal pdf.
[mcmc] Checkpoint: 1120 samples accepted.
[mcmc] Ready to check convergence and learn a new proposal covmat
[mcmc] Convergence of means: R-1 = 9.726067 after 1120 accepted steps
[mcmc] Updated covariance matrix of proposal pdf.
[mcmc] Checkpoint: 1680 samples accepted.
[mcmc] Ready to check convergence and learn a new proposal covmat
[mcmc] Convergence of means: R-1 = 4.462020 after 1680 accepted steps
[mcmc] Updated covariance matrix of proposal pdf.
[mcmc] Checkpoint: 2240 samples accepted.
[mcmc] Ready to check convergence and learn a new proposal covmat
[mcmc] Convergence of means: R-1 = 2.329653 after 2240 accepted steps
[mcmc] Updated covariance matrix of proposal pdf.
[mcmc] Checkpoint: 2800 samples accepted.
[mcmc] Ready to check convergence and learn a new proposal covmat
[mcmc] Convergence of means: R-1 = 4.695697 after 2800 accepted steps
[mcmc] Updated covariance matrix of proposal pdf.
[mcmc] Checkpoint: 3360 samples accepted.
[mcmc] Ready to check convergence and learn a new proposal covmat
[mcmc] Convergence of means: R-1 = 1.920816 after 3360 accepted steps
[mcmc] Updated covariance matrix of proposal pdf.
[mcmc] Checkpoint: 3920 samples accepted.
[mcmc] Ready to check convergence and learn a new proposal covmat
[mcmc] Convergence of means: R-1 = 1.977436 after 3920 accepted steps
[mcmc] Updated covariance matrix of proposal pdf.
[mcmc] Checkpoint: 4480 samples accepted.
[mcmc] Ready to check convergence and learn a new proposal covmat
[mcmc] Convergence of means: R-1 = 1.092223 after 4480 accepted steps
[mcmc] Updated covariance matrix of proposal pdf.
[mcmc] Checkpoint: 5040 samples accepted.
[mcmc] Ready to check convergence and learn a new proposal covmat
[mcmc] Convergence of means: R-1 = 0.823165 after 5040 accepted steps
[mcmc] Updated covariance matrix of proposal pdf.
[mcmc] Checkpoint: 5600 samples accepted.
[mcmc] Ready to check convergence and learn a new proposal covmat
[mcmc] Convergence of means: R-1 = 0.321308 after 5600 accepted steps
[mcmc] Updated covariance matrix of proposal pdf.
[mcmc] Checkpoint: 6160 samples accepted.
[mcmc] Ready to check convergence and learn a new proposal covmat
[mcmc] Convergence of means: R-1 = 0.211587 after 6160 accepted steps
[mcmc] Updated covariance matrix of proposal pdf.
[mcmc] Checkpoint: 6720 samples accepted.
[mcmc] Ready to check convergence and learn a new proposal covmat
[mcmc] Convergence of means: R-1 = 0.209026 after 6720 accepted steps
[mcmc] Updated covariance matrix of proposal pdf.
[mcmc] Checkpoint: 7280 samples accepted.
[mcmc] Ready to check convergence and learn a new proposal covmat
[mcmc] Convergence of means: R-1 = 0.296948 after 7280 accepted steps
[mcmc] Updated covariance matrix of proposal pdf.
[mcmc] Checkpoint: 7840 samples accepted.
[mcmc] Ready to check convergence and learn a new proposal covmat
[mcmc] Convergence of means: R-1 = 0.211110 after 7840 accepted steps
[mcmc] Updated covariance matrix of proposal pdf.
[mcmc] Checkpoint: 8400 samples accepted.
[mcmc] Ready to check convergence and learn a new proposal covmat
[mcmc] Convergence of means: R-1 = 0.152074 after 8400 accepted steps
[mcmc] Updated covariance matrix of proposal pdf.
[mcmc] Checkpoint: 8960 samples accepted.
[mcmc] Ready to check convergence and learn a new proposal covmat
[mcmc] Convergence of means: R-1 = 0.134343 after 8960 accepted steps
[mcmc] Updated covariance matrix of proposal pdf.
[mcmc] Checkpoint: 9520 samples accepted.
[mcmc] Ready to check convergence and learn a new proposal covmat
[mcmc] Convergence of means: R-1 = 0.119780 after 9520 accepted steps
[mcmc] Updated covariance matrix of proposal pdf.
[mcmc] Checkpoint: 10080 samples accepted.
[mcmc] Ready to check convergence and learn a new proposal covmat
[mcmc] Convergence of means: R-1 = 0.097656 after 10080 accepted steps
[mcmc] Updated covariance matrix of proposal pdf.
[mcmc] Checkpoint: 10640 samples accepted.
[mcmc] Ready to check convergence and learn a new proposal covmat
[mcmc] Convergence of means: R-1 = 0.071233 after 10640 accepted steps
[mcmc] Updated covariance matrix of proposal pdf.
[mcmc] Checkpoint: 11200 samples accepted.
[mcmc] Ready to check convergence and learn a new proposal covmat
[mcmc] Convergence of means: R-1 = 0.064516 after 11200 accepted steps
[mcmc] Updated covariance matrix of proposal pdf.
[mcmc] Checkpoint: 11760 samples accepted.
[mcmc] Ready to check convergence and learn a new proposal covmat
[mcmc] Convergence of means: R-1 = 0.046558 after 11760 accepted steps
[mcmc] Updated covariance matrix of proposal pdf.
[mcmc] Checkpoint: 12320 samples accepted.
[mcmc] Ready to check convergence and learn a new proposal covmat
[mcmc] Convergence of means: R-1 = 0.050017 after 12320 accepted steps
[mcmc] Updated covariance matrix of proposal pdf.
[mcmc] Checkpoint: 12880 samples accepted.
[mcmc] Ready to check convergence and learn a new proposal covmat
[mcmc] Convergence of means: R-1 = 0.044794 after 12880 accepted steps
[mcmc] Updated covariance matrix of proposal pdf.
[mcmc] Checkpoint: 13440 samples accepted.
[mcmc] Ready to check convergence and learn a new proposal covmat
[mcmc] Convergence of means: R-1 = 0.047897 after 13440 accepted steps
[mcmc] Updated covariance matrix of proposal pdf.
[mcmc] Checkpoint: 14000 samples accepted.
[mcmc] Ready to check convergence and learn a new proposal covmat
[mcmc] Convergence of means: R-1 = 0.038716 after 14000 accepted steps
[mcmc] Updated covariance matrix of proposal pdf.
[mcmc] Checkpoint: 14560 samples accepted.
[mcmc] Ready to check convergence and learn a new proposal covmat
[mcmc] Convergence of means: R-1 = 0.034272 after 14560 accepted steps
[mcmc] Updated covariance matrix of proposal pdf.
[mcmc] Checkpoint: 15120 samples accepted.
[mcmc] Ready to check convergence and learn a new proposal covmat
[mcmc] Convergence of means: R-1 = 0.035027 after 15120 accepted steps
[mcmc] Updated covariance matrix of proposal pdf.
[mcmc] Checkpoint: 15680 samples accepted.
[mcmc] Ready to check convergence and learn a new proposal covmat
[mcmc] Convergence of means: R-1 = 0.032038 after 15680 accepted steps
[mcmc] Updated covariance matrix of proposal pdf.
[mcmc] Checkpoint: 16240 samples accepted.
[mcmc] Ready to check convergence and learn a new proposal covmat
[mcmc] Convergence of means: R-1 = 0.025116 after 16240 accepted steps
[mcmc] Updated covariance matrix of proposal pdf.
[mcmc] Checkpoint: 16800 samples accepted.
[mcmc] Ready to check convergence and learn a new proposal covmat
[mcmc] Convergence of means: R-1 = 0.030833 after 16800 accepted steps
[mcmc] Updated covariance matrix of proposal pdf.
[mcmc] Checkpoint: 17360 samples accepted.
[mcmc] Ready to check convergence and learn a new proposal covmat
[mcmc] Convergence of means: R-1 = 0.033461 after 17360 accepted steps
[mcmc] Updated covariance matrix of proposal pdf.
[mcmc] Checkpoint: 17920 samples accepted.
[mcmc] Ready to check convergence and learn a new proposal covmat
[mcmc] Convergence of means: R-1 = 0.031931 after 17920 accepted steps
[mcmc] Updated covariance matrix of proposal pdf.
[mcmc] Checkpoint: 18480 samples accepted.
[mcmc] Ready to check convergence and learn a new proposal covmat
[mcmc] Convergence of means: R-1 = 0.033886 after 18480 accepted steps
[mcmc] Updated covariance matrix of proposal pdf.
[mcmc] Checkpoint: 19040 samples accepted.
[mcmc] Ready to check convergence and learn a new proposal covmat
[mcmc] Convergence of means: R-1 = 0.034234 after 19040 accepted steps
[mcmc] Updated covariance matrix of proposal pdf.
[mcmc] Checkpoint: 19600 samples accepted.
[mcmc] Ready to check convergence and learn a new proposal covmat
[mcmc] Convergence of means: R-1 = 0.027661 after 19600 accepted steps
[mcmc] Updated covariance matrix of proposal pdf.
[mcmc] Checkpoint: 20160 samples accepted.
[mcmc] Ready to check convergence and learn a new proposal covmat
[mcmc] Convergence of means: R-1 = 0.033256 after 20160 accepted steps
[mcmc] Updated covariance matrix of proposal pdf.
[mcmc] Checkpoint: 20720 samples accepted.
[mcmc] Ready to check convergence and learn a new proposal covmat
[mcmc] Convergence of means: R-1 = 0.025693 after 20720 accepted steps
[mcmc] Updated covariance matrix of proposal pdf.
[mcmc] Checkpoint: 21280 samples accepted.
[mcmc] Ready to check convergence and learn a new proposal covmat
[mcmc] Convergence of means: R-1 = 0.028221 after 21280 accepted steps
[mcmc] Updated covariance matrix of proposal pdf.
[mcmc] Checkpoint: 21840 samples accepted.
[mcmc] Ready to check convergence and learn a new proposal covmat
[mcmc] Convergence of means: R-1 = 0.027776 after 21840 accepted steps
[mcmc] Updated covariance matrix of proposal pdf.
[mcmc] Checkpoint: 22400 samples accepted.
[mcmc] Ready to check convergence and learn a new proposal covmat
[mcmc] Convergence of means: R-1 = 0.030992 after 22400 accepted steps
[mcmc] Updated covariance matrix of proposal pdf.
[mcmc] Checkpoint: 22960 samples accepted.
[mcmc] Ready to check convergence and learn a new proposal covmat
[mcmc] Convergence of means: R-1 = 0.026195 after 22960 accepted steps
[mcmc] Updated covariance matrix of proposal pdf.
[mcmc] Checkpoint: 23520 samples accepted.
[mcmc] Ready to check convergence and learn a new proposal covmat
[mcmc] Convergence of means: R-1 = 0.024772 after 23520 accepted steps
[mcmc] Updated covariance matrix of proposal pdf.
[mcmc] Checkpoint: 24080 samples accepted.
[mcmc] Ready to check convergence and learn a new proposal covmat
[mcmc] Convergence of means: R-1 = 0.031035 after 24080 accepted steps
[mcmc] Updated covariance matrix of proposal pdf.
[mcmc] Checkpoint: 24640 samples accepted.
[mcmc] Ready to check convergence and learn a new proposal covmat
[mcmc] Convergence of means: R-1 = 0.031277 after 24640 accepted steps
[mcmc] Updated covariance matrix of proposal pdf.
[mcmc] Checkpoint: 25200 samples accepted.
[mcmc] Ready to check convergence and learn a new proposal covmat
[mcmc] Convergence of means: R-1 = 0.034056 after 25200 accepted steps
[mcmc] Updated covariance matrix of proposal pdf.
[mcmc] Checkpoint: 25760 samples accepted.
[mcmc] Ready to check convergence and learn a new proposal covmat
[mcmc] Convergence of means: R-1 = 0.029873 after 25760 accepted steps
[mcmc] Updated covariance matrix of proposal pdf.
[mcmc] Checkpoint: 26320 samples accepted.
[mcmc] Ready to check convergence and learn a new proposal covmat
[mcmc] Convergence of means: R-1 = 0.023319 after 26320 accepted steps
[mcmc] Updated covariance matrix of proposal pdf.
[mcmc] Checkpoint: 26880 samples accepted.
[mcmc] Ready to check convergence and learn a new proposal covmat
[mcmc] Convergence of means: R-1 = 0.024022 after 26880 accepted steps
[mcmc] Updated covariance matrix of proposal pdf.
[mcmc] Checkpoint: 27440 samples accepted.
[mcmc] Ready to check convergence and learn a new proposal covmat
[mcmc] Convergence of means: R-1 = 0.019705 after 27440 accepted steps
[mcmc] Updated covariance matrix of proposal pdf.
[mcmc] Checkpoint: 28000 samples accepted.
[mcmc] Ready to check convergence and learn a new proposal covmat
[mcmc] Convergence of means: R-1 = 0.015056 after 28000 accepted steps
[mcmc] Updated covariance matrix of proposal pdf.
[mcmc] Checkpoint: 28560 samples accepted.
[mcmc] Ready to check convergence and learn a new proposal covmat
[mcmc] Convergence of means: R-1 = 0.018584 after 28560 accepted steps
[mcmc] Updated covariance matrix of proposal pdf.
[mcmc] Checkpoint: 29120 samples accepted.
[mcmc] Ready to check convergence and learn a new proposal covmat
[mcmc] Convergence of means: R-1 = 0.015893 after 29120 accepted steps
[mcmc] Updated covariance matrix of proposal pdf.
[mcmc] Checkpoint: 29680 samples accepted.
[mcmc] Ready to check convergence and learn a new proposal covmat
[mcmc] Convergence of means: R-1 = 0.019489 after 29680 accepted steps
[mcmc] Updated covariance matrix of proposal pdf.
[mcmc] Checkpoint: 30240 samples accepted.
[mcmc] Ready to check convergence and learn a new proposal covmat
[mcmc] Convergence of means: R-1 = 0.025463 after 30240 accepted steps
[mcmc] Updated covariance matrix of proposal pdf.
[mcmc] Checkpoint: 30800 samples accepted.
[mcmc] Ready to check convergence and learn a new proposal covmat
[mcmc] Convergence of means: R-1 = 0.025280 after 30800 accepted steps
[mcmc] Updated covariance matrix of proposal pdf.
[mcmc] Checkpoint: 31360 samples accepted.
[mcmc] Ready to check convergence and learn a new proposal covmat
[mcmc] Convergence of means: R-1 = 0.014214 after 31360 accepted steps
[mcmc] Updated covariance matrix of proposal pdf.
[mcmc] Checkpoint: 31920 samples accepted.
[mcmc] Ready to check convergence and learn a new proposal covmat
[mcmc] Convergence of means: R-1 = 0.021101 after 31920 accepted steps
[mcmc] Updated covariance matrix of proposal pdf.
[mcmc] Checkpoint: 32480 samples accepted.
[mcmc] Ready to check convergence and learn a new proposal covmat
[mcmc] Convergence of means: R-1 = 0.017454 after 32480 accepted steps
[mcmc] Updated covariance matrix of proposal pdf.
